<?xml version="1.0" encoding="UTF-8"?>
<testsuite xmlns:xsi="http://www.w3.org/2001/XMLSchema-instance" xsi:noNamespaceSchemaLocation="https://maven.apache.org/surefire/maven-surefire-plugin/xsd/surefire-test-report-3.0.xsd" version="3.0" name="com.example.todolist.TodolistApplicationTests" time="9.818" tests="1" errors="0" skipped="0" failures="0">
  <properties>
[...]
</properties>
  <testcase name="contextLoads" classname="com.example.todolist.TodolistApplicationTests" time="1.066">
    <system-out><![CDATA[16:46:11.054 [main] INFO org.springframework.test.context.support.AnnotationConfigContextLoaderUtils -- Could not detect default configuration classes for test class [com.example.todolist.TodolistApplicationTests]: TodolistApplicationTests does not declare any static, non-private, non-final, nested classes annotated with @Configuration.
16:46:11.286 [main] INFO org.springframework.boot.test.context.SpringBootTestContextBootstrapper -- Found @SpringBootConfiguration com.example.todolist.TodolistApplication for test class com.example.todolist.TodolistApplicationTests
16:46:11.616 [main] INFO org.springframework.boot.devtools.restart.RestartApplicationListener -- Restart disabled due to context in which it is running

  .   ____          _            __ _ _
 /\\ / ___'_ __ _ _(_)_ __  __ _ \ \ \ \
( ( )\___ | '_ | '_| | '_ \/ _` | \ \ \ \
 \\/  ___)| |_)| | | | | || (_| |  ) ) ) )
  '  |____| .__|_| |_|_| |_\__, | / / / /
 =========|_|==============|___/=/_/_/_/
 :: Spring Boot ::                (v3.2.0)

2023-12-12T16:46:12.139+01:00  INFO 6483 --- [           main] c.e.todolist.TodolistApplicationTests    : Starting TodolistApplicationTests using Java 18.0.1.1 with PID 6483 (started by emilie in /home/emilie/Documents/ToDoList)
2023-12-12T16:46:12.143+01:00  INFO 6483 --- [           main] c.e.todolist.TodolistApplicationTests    : No active profile set, falling back to 1 default profile: "default"
2023-12-12T16:46:13.559+01:00  INFO 6483 --- [           main] .s.d.r.c.RepositoryConfigurationDelegate : Bootstrapping Spring Data JPA repositories in DEFAULT mode.
2023-12-12T16:46:13.666+01:00  INFO 6483 --- [           main] .s.d.r.c.RepositoryConfigurationDelegate : Finished Spring Data repository scanning in 94 ms. Found 2 JPA repository interfaces.
2023-12-12T16:46:14.568+01:00  INFO 6483 --- [           main] o.hibernate.jpa.internal.util.LogHelper  : HHH000204: Processing PersistenceUnitInfo [name: default]
2023-12-12T16:46:14.675+01:00  INFO 6483 --- [           main] org.hibernate.Version                    : HHH000412: Hibernate ORM core version 6.3.1.Final
2023-12-12T16:46:14.746+01:00  INFO 6483 --- [           main] o.h.c.internal.RegionFactoryInitiator    : HHH000026: Second-level cache disabled
2023-12-12T16:46:15.265+01:00  INFO 6483 --- [           main] o.s.o.j.p.SpringPersistenceUnitInfo      : No LoadTimeWeaver setup: ignoring JPA class transformer
2023-12-12T16:46:15.324+01:00  INFO 6483 --- [           main] com.zaxxer.hikari.HikariDataSource       : HikariPool-1 - Starting...
2023-12-12T16:46:15.845+01:00  INFO 6483 --- [           main] com.zaxxer.hikari.pool.HikariPool        : HikariPool-1 - Added connection org.postgresql.jdbc.PgConnection@6b9697ae
2023-12-12T16:46:15.848+01:00  INFO 6483 --- [           main] com.zaxxer.hikari.HikariDataSource       : HikariPool-1 - Start completed.
2023-12-12T16:46:15.904+01:00  WARN 6483 --- [           main] org.hibernate.dialect.Dialect            : HHH000511: The 10.23.0 version for [org.hibernate.dialect.PostgreSQLDialect] is no longer supported, hence certain features may not work properly. The minimum supported version is 11.0.0. Check the community dialects project for available legacy versions.
2023-12-12T16:46:15.913+01:00  WARN 6483 --- [           main] org.hibernate.orm.deprecation            : HHH90000025: PostgreSQLDialect does not need to be specified explicitly using 'hibernate.dialect' (remove the property setting and it will be selected by default)
2023-12-12T16:46:17.472+01:00  INFO 6483 --- [           main] o.h.e.t.j.p.i.JtaPlatformInitiator       : HHH000489: No JTA platform available (set 'hibernate.transaction.jta.platform' to enable JTA platform integration)
Hibernate: 
    drop table if exists label cascade
2023-12-12T16:46:17.516+01:00  WARN 6483 --- [           main] o.h.engine.jdbc.spi.SqlExceptionHelper   : SQL Warning Code: 0, SQLState: 00000
2023-12-12T16:46:17.516+01:00  WARN 6483 --- [           main] o.h.engine.jdbc.spi.SqlExceptionHelper   : la table « label » n'existe pas, poursuite du traitement
Hibernate: 
    drop table if exists task cascade
2023-12-12T16:46:17.518+01:00  WARN 6483 --- [           main] o.h.engine.jdbc.spi.SqlExceptionHelper   : SQL Warning Code: 0, SQLState: 00000
2023-12-12T16:46:17.519+01:00  WARN 6483 --- [           main] o.h.engine.jdbc.spi.SqlExceptionHelper   : la table « task » n'existe pas, poursuite du traitement
Hibernate: 
    drop sequence if exists label_sequence
2023-12-12T16:46:17.521+01:00  WARN 6483 --- [           main] o.h.engine.jdbc.spi.SqlExceptionHelper   : SQL Warning Code: 0, SQLState: 00000
2023-12-12T16:46:17.522+01:00  WARN 6483 --- [           main] o.h.engine.jdbc.spi.SqlExceptionHelper   : la séquence « label_sequence » n'existe pas, poursuite du traitement
Hibernate: 
    drop sequence if exists task_sequence
2023-12-12T16:46:17.523+01:00  WARN 6483 --- [           main] o.h.engine.jdbc.spi.SqlExceptionHelper   : SQL Warning Code: 0, SQLState: 00000
2023-12-12T16:46:17.524+01:00  WARN 6483 --- [           main] o.h.engine.jdbc.spi.SqlExceptionHelper   : la séquence « task_sequence » n'existe pas, poursuite du traitement
Hibernate: 
    create sequence label_sequence start with 1 increment by 1
Hibernate: 
    create sequence task_sequence start with 1 increment by 1
Hibernate: 
    create table label (
        id bigint not null,
        color varchar(255),
        name varchar(255),
        primary key (id)
    )
Hibernate: 
    create table task (
        deadline date,
        id bigint not null,
        name varchar(255),
        primary key (id)
    )
2023-12-12T16:46:17.580+01:00  INFO 6483 --- [           main] j.LocalContainerEntityManagerFactoryBean : Initialized JPA EntityManagerFactory for persistence unit 'default'
2023-12-12T16:46:18.560+01:00  WARN 6483 --- [           main] JpaBaseConfiguration$JpaWebConfiguration : spring.jpa.open-in-view is enabled by default. Therefore, database queries may be performed during view rendering. Explicitly configure spring.jpa.open-in-view to disable this warning
2023-12-12T16:46:19.315+01:00  INFO 6483 --- [           main] c.e.todolist.TodolistApplicationTests    : Started TodolistApplicationTests in 7.725 seconds (process running for 9.697)
Hibernate: 
    select
        nextval('task_sequence')
Hibernate: 
    insert 
    into
        task
        (deadline, name, id) 
    values
        (?, ?, ?)
]]></system-out>
  </testcase>
</testsuite>